2019-08-11 12:48:57.111 [main] INFO  com.demo.es.EsTest - Starting EsTest on jinyb.local with PID 4820 (started by jinyabo in /Users/jinyabo/code/maven/mvn2/multiproject/starter)
2019-08-11 12:48:57.113 [main] INFO  com.demo.es.EsTest - No active profile set, falling back to default profiles: default
2019-08-11 12:48:58.001 [main] INFO  o.s.d.r.config.RepositoryConfigurationDelegate - Bootstrapping Spring Data repositories in DEFAULT mode.
2019-08-11 12:48:58.030 [main] INFO  o.s.d.r.config.RepositoryConfigurationDelegate - Finished Spring Data repository scanning in 22ms. Found 0 repository interfaces.
2019-08-11 12:48:58.509 [main] INFO  com.xingze.demo.starter.config.config - TestConfiguration容器启动初始化。。。
2019-08-11 12:48:59.551 [main] INFO  o.s.scheduling.concurrent.ThreadPoolTaskExecutor - Initializing ExecutorService 'applicationTaskExecutor'
2019-08-11 12:49:00.542 [main] INFO  org.elasticsearch.plugins.PluginsService - no modules loaded
2019-08-11 12:49:00.544 [main] INFO  org.elasticsearch.plugins.PluginsService - loaded plugin [org.elasticsearch.index.reindex.ReindexPlugin]
2019-08-11 12:49:00.544 [main] INFO  org.elasticsearch.plugins.PluginsService - loaded plugin [org.elasticsearch.join.ParentJoinPlugin]
2019-08-11 12:49:00.545 [main] INFO  org.elasticsearch.plugins.PluginsService - loaded plugin [org.elasticsearch.percolator.PercolatorPlugin]
2019-08-11 12:49:00.545 [main] INFO  org.elasticsearch.plugins.PluginsService - loaded plugin [org.elasticsearch.script.mustache.MustachePlugin]
2019-08-11 12:49:00.545 [main] INFO  org.elasticsearch.plugins.PluginsService - loaded plugin [org.elasticsearch.transport.Netty4Plugin]
2019-08-11 12:49:02.392 [main] INFO  o.s.d.e.client.TransportClientFactoryBean - Adding transport node : 127.0.0.1:9300
2019-08-11 12:49:03.470 [main] INFO  com.demo.es.EsTest - Started EsTest in 7.221 seconds (JVM running for 9.282)
2019-08-11 12:49:04.008 [Thread-2] INFO  o.s.scheduling.concurrent.ThreadPoolTaskExecutor - Shutting down ExecutorService 'applicationTaskExecutor'
2019-08-11 12:55:20.194 [main] INFO  com.demo.es.EsTest - Starting EsTest on jinyb.local with PID 4892 (started by jinyabo in /Users/jinyabo/code/maven/mvn2/multiproject/starter)
2019-08-11 12:55:20.196 [main] INFO  com.demo.es.EsTest - No active profile set, falling back to default profiles: default
2019-08-11 12:55:21.017 [main] INFO  o.s.d.r.config.RepositoryConfigurationDelegate - Bootstrapping Spring Data repositories in DEFAULT mode.
2019-08-11 12:55:21.043 [main] INFO  o.s.d.r.config.RepositoryConfigurationDelegate - Finished Spring Data repository scanning in 19ms. Found 0 repository interfaces.
2019-08-11 12:55:21.512 [main] INFO  com.xingze.demo.starter.config.config - TestConfiguration容器启动初始化。。。
2019-08-11 12:55:22.315 [main] INFO  o.s.scheduling.concurrent.ThreadPoolTaskExecutor - Initializing ExecutorService 'applicationTaskExecutor'
2019-08-11 12:55:23.024 [main] INFO  org.elasticsearch.plugins.PluginsService - no modules loaded
2019-08-11 12:55:23.026 [main] INFO  org.elasticsearch.plugins.PluginsService - loaded plugin [org.elasticsearch.index.reindex.ReindexPlugin]
2019-08-11 12:55:23.026 [main] INFO  org.elasticsearch.plugins.PluginsService - loaded plugin [org.elasticsearch.join.ParentJoinPlugin]
2019-08-11 12:55:23.026 [main] INFO  org.elasticsearch.plugins.PluginsService - loaded plugin [org.elasticsearch.percolator.PercolatorPlugin]
2019-08-11 12:55:23.026 [main] INFO  org.elasticsearch.plugins.PluginsService - loaded plugin [org.elasticsearch.script.mustache.MustachePlugin]
2019-08-11 12:55:23.026 [main] INFO  org.elasticsearch.plugins.PluginsService - loaded plugin [org.elasticsearch.transport.Netty4Plugin]
2019-08-11 12:55:24.226 [main] INFO  o.s.d.e.client.TransportClientFactoryBean - Adding transport node : 127.0.0.1:9300
2019-08-11 12:55:25.007 [main] INFO  com.demo.es.EsTest - Started EsTest in 5.799 seconds (JVM running for 7.231)
2019-08-11 12:55:25.513 [Thread-2] INFO  o.s.scheduling.concurrent.ThreadPoolTaskExecutor - Shutting down ExecutorService 'applicationTaskExecutor'
2019-08-11 12:57:14.615 [main] INFO  com.demo.es.EsTest - Starting EsTest on jinyb.local with PID 4913 (started by jinyabo in /Users/jinyabo/code/maven/mvn2/multiproject/starter)
2019-08-11 12:57:14.617 [main] INFO  com.demo.es.EsTest - No active profile set, falling back to default profiles: default
2019-08-11 12:57:15.399 [main] INFO  o.s.d.r.config.RepositoryConfigurationDelegate - Bootstrapping Spring Data repositories in DEFAULT mode.
2019-08-11 12:57:15.425 [main] INFO  o.s.d.r.config.RepositoryConfigurationDelegate - Finished Spring Data repository scanning in 20ms. Found 0 repository interfaces.
2019-08-11 12:57:15.813 [main] INFO  com.xingze.demo.starter.config.config - TestConfiguration容器启动初始化。。。
2019-08-11 12:57:16.502 [main] INFO  o.s.scheduling.concurrent.ThreadPoolTaskExecutor - Initializing ExecutorService 'applicationTaskExecutor'
2019-08-11 12:57:17.032 [main] INFO  org.elasticsearch.plugins.PluginsService - no modules loaded
2019-08-11 12:57:17.033 [main] INFO  org.elasticsearch.plugins.PluginsService - loaded plugin [org.elasticsearch.index.reindex.ReindexPlugin]
2019-08-11 12:57:17.034 [main] INFO  org.elasticsearch.plugins.PluginsService - loaded plugin [org.elasticsearch.join.ParentJoinPlugin]
2019-08-11 12:57:17.034 [main] INFO  org.elasticsearch.plugins.PluginsService - loaded plugin [org.elasticsearch.percolator.PercolatorPlugin]
2019-08-11 12:57:17.034 [main] INFO  org.elasticsearch.plugins.PluginsService - loaded plugin [org.elasticsearch.script.mustache.MustachePlugin]
2019-08-11 12:57:17.034 [main] INFO  org.elasticsearch.plugins.PluginsService - loaded plugin [org.elasticsearch.transport.Netty4Plugin]
2019-08-11 12:57:18.016 [main] INFO  o.s.d.e.client.TransportClientFactoryBean - Adding transport node : 127.0.0.1:9300
2019-08-11 12:57:18.763 [main] INFO  com.demo.es.EsTest - Started EsTest in 4.872 seconds (JVM running for 6.836)
2019-08-11 12:57:19.213 [Thread-2] INFO  o.s.scheduling.concurrent.ThreadPoolTaskExecutor - Shutting down ExecutorService 'applicationTaskExecutor'
