2019-08-11 00:03:40.121 [main] INFO  com.xingze.demo.starter.Application - Starting Application on jinyb.local with PID 2595 (/Users/jinyabo/code/maven/mvn2/multiproject/starter/target/classes started by jinyabo in /Users/jinyabo/code/maven/mvn2/multiproject)
2019-08-11 00:03:40.127 [main] INFO  com.xingze.demo.starter.Application - No active profile set, falling back to default profiles: default
2019-08-11 00:03:41.223 [main] INFO  o.s.boot.web.embedded.tomcat.TomcatWebServer - Tomcat initialized with port(s): 8080 (http)
2019-08-11 00:03:41.236 [main] INFO  org.apache.coyote.http11.Http11NioProtocol - Initializing ProtocolHandler ["http-nio-8080"]
2019-08-11 00:03:41.244 [main] INFO  org.apache.catalina.core.StandardService - Starting service [Tomcat]
2019-08-11 00:03:41.244 [main] INFO  org.apache.catalina.core.StandardEngine - Starting Servlet engine: [Apache Tomcat/9.0.21]
2019-08-11 00:03:41.317 [main] INFO  o.a.c.core.ContainerBase.[Tomcat].[localhost].[/] - Initializing Spring embedded WebApplicationContext
2019-08-11 00:03:41.317 [main] INFO  org.springframework.web.context.ContextLoader - Root WebApplicationContext: initialization completed in 1061 ms
2019-08-11 00:03:41.355 [main] INFO  com.xingze.demo.starter.config.config - TestConfiguration容器启动初始化。。。
2019-08-11 00:03:41.540 [main] INFO  o.s.scheduling.concurrent.ThreadPoolTaskExecutor - Initializing ExecutorService 'applicationTaskExecutor'
2019-08-11 00:03:41.681 [main] INFO  org.apache.coyote.http11.Http11NioProtocol - Starting ProtocolHandler ["http-nio-8080"]
2019-08-11 00:03:41.715 [main] INFO  o.s.boot.web.embedded.tomcat.TomcatWebServer - Tomcat started on port(s): 8080 (http) with context path ''
2019-08-11 00:03:41.721 [main] INFO  com.xingze.demo.starter.Application - Started Application in 2.229 seconds (JVM running for 3.206)
2019-08-11 00:03:57.045 [Thread-8] INFO  o.s.scheduling.concurrent.ThreadPoolTaskExecutor - Shutting down ExecutorService 'applicationTaskExecutor'
2019-08-11 00:04:25.935 [main] INFO  com.xingze.demo.starter.Application - Starting Application on jinyb.local with PID 2599 (/Users/jinyabo/code/maven/mvn2/multiproject/starter/target/classes started by jinyabo in /Users/jinyabo/code/maven/mvn2/multiproject)
2019-08-11 00:04:25.937 [main] INFO  com.xingze.demo.starter.Application - No active profile set, falling back to default profiles: default
2019-08-11 00:04:26.934 [main] INFO  o.s.boot.web.embedded.tomcat.TomcatWebServer - Tomcat initialized with port(s): 8080 (http)
2019-08-11 00:04:26.945 [main] INFO  org.apache.coyote.http11.Http11NioProtocol - Initializing ProtocolHandler ["http-nio-8080"]
2019-08-11 00:04:26.956 [main] INFO  org.apache.catalina.core.StandardService - Starting service [Tomcat]
2019-08-11 00:04:26.957 [main] INFO  org.apache.catalina.core.StandardEngine - Starting Servlet engine: [Apache Tomcat/9.0.21]
2019-08-11 00:04:27.035 [main] INFO  o.a.c.core.ContainerBase.[Tomcat].[localhost].[/] - Initializing Spring embedded WebApplicationContext
2019-08-11 00:04:27.035 [main] INFO  org.springframework.web.context.ContextLoader - Root WebApplicationContext: initialization completed in 969 ms
2019-08-11 00:04:27.090 [main] INFO  com.xingze.demo.starter.config.config - TestConfiguration容器启动初始化。。。
2019-08-11 00:04:27.236 [main] INFO  o.s.scheduling.concurrent.ThreadPoolTaskExecutor - Initializing ExecutorService 'applicationTaskExecutor'
2019-08-11 00:04:27.339 [main] INFO  org.apache.coyote.http11.Http11NioProtocol - Starting ProtocolHandler ["http-nio-8080"]
2019-08-11 00:04:27.370 [main] INFO  o.s.boot.web.embedded.tomcat.TomcatWebServer - Tomcat started on port(s): 8080 (http) with context path ''
2019-08-11 00:04:27.373 [main] INFO  com.xingze.demo.starter.Application - Started Application in 2.016 seconds (JVM running for 2.554)
2019-08-11 00:04:33.586 [Thread-7] INFO  o.s.scheduling.concurrent.ThreadPoolTaskExecutor - Shutting down ExecutorService 'applicationTaskExecutor'
2019-08-11 00:25:06.238 [main] INFO  com.xingze.demo.starter.Application - Starting Application on jinyb.local with PID 2931 (/Users/jinyabo/code/maven/mvn2/multiproject/starter/target/classes started by jinyabo in /Users/jinyabo/code/maven/mvn2/multiproject)
2019-08-11 00:25:06.241 [main] INFO  com.xingze.demo.starter.Application - No active profile set, falling back to default profiles: default
2019-08-11 00:25:07.127 [main] INFO  o.s.boot.web.embedded.tomcat.TomcatWebServer - Tomcat initialized with port(s): 8080 (http)
2019-08-11 00:25:07.137 [main] INFO  org.apache.coyote.http11.Http11NioProtocol - Initializing ProtocolHandler ["http-nio-8080"]
2019-08-11 00:25:07.144 [main] INFO  org.apache.catalina.core.StandardService - Starting service [Tomcat]
2019-08-11 00:25:07.144 [main] INFO  org.apache.catalina.core.StandardEngine - Starting Servlet engine: [Apache Tomcat/9.0.21]
2019-08-11 00:25:07.221 [main] INFO  o.a.c.core.ContainerBase.[Tomcat].[localhost].[/] - Initializing Spring embedded WebApplicationContext
2019-08-11 00:25:07.221 [main] INFO  org.springframework.web.context.ContextLoader - Root WebApplicationContext: initialization completed in 920 ms
2019-08-11 00:25:07.264 [main] INFO  com.xingze.demo.starter.config.config - TestConfiguration容器启动初始化。。。
2019-08-11 00:25:07.409 [main] INFO  o.s.scheduling.concurrent.ThreadPoolTaskExecutor - Initializing ExecutorService 'applicationTaskExecutor'
2019-08-11 00:25:07.535 [main] INFO  org.apache.coyote.http11.Http11NioProtocol - Starting ProtocolHandler ["http-nio-8080"]
2019-08-11 00:25:07.565 [main] INFO  o.s.boot.web.embedded.tomcat.TomcatWebServer - Tomcat started on port(s): 8080 (http) with context path ''
2019-08-11 00:25:07.568 [main] INFO  com.xingze.demo.starter.Application - Started Application in 2.042 seconds (JVM running for 2.924)
2019-08-11 00:25:18.873 [Thread-7] INFO  o.s.scheduling.concurrent.ThreadPoolTaskExecutor - Shutting down ExecutorService 'applicationTaskExecutor'
2019-08-11 00:47:58.721 [main] INFO  com.xingze.demo.starter.Application - Starting Application on jinyb.local with PID 3069 (/Users/jinyabo/code/maven/mvn2/multiproject/starter/target/starter-1.0-SNAPSHOT.jar started by jinyabo in /Users/jinyabo/code/maven/mvn2/multiproject)
2019-08-11 00:47:58.725 [main] INFO  com.xingze.demo.starter.Application - No active profile set, falling back to default profiles: default
2019-08-11 00:47:59.712 [main] INFO  o.s.boot.web.embedded.tomcat.TomcatWebServer - Tomcat initialized with port(s): 8080 (http)
2019-08-11 00:47:59.732 [main] INFO  org.apache.coyote.http11.Http11NioProtocol - Initializing ProtocolHandler ["http-nio-8080"]
2019-08-11 00:47:59.747 [main] INFO  org.apache.catalina.core.StandardService - Starting service [Tomcat]
2019-08-11 00:47:59.748 [main] INFO  org.apache.catalina.core.StandardEngine - Starting Servlet engine: [Apache Tomcat/9.0.21]
2019-08-11 00:47:59.860 [main] INFO  o.a.c.core.ContainerBase.[Tomcat].[localhost].[/] - Initializing Spring embedded WebApplicationContext
2019-08-11 00:47:59.860 [main] INFO  org.springframework.web.context.ContextLoader - Root WebApplicationContext: initialization completed in 1077 ms
2019-08-11 00:47:59.926 [main] INFO  com.xingze.demo.starter.config.config - TestConfiguration容器启动初始化。。。
2019-08-11 00:48:00.108 [main] INFO  o.s.scheduling.concurrent.ThreadPoolTaskExecutor - Initializing ExecutorService 'applicationTaskExecutor'
2019-08-11 00:48:00.310 [main] INFO  org.apache.coyote.http11.Http11NioProtocol - Starting ProtocolHandler ["http-nio-8080"]
2019-08-11 00:48:00.358 [main] INFO  o.s.boot.web.embedded.tomcat.TomcatWebServer - Tomcat started on port(s): 8080 (http) with context path ''
2019-08-11 00:48:00.371 [main] INFO  com.xingze.demo.starter.Application - Started Application in 2.496 seconds (JVM running for 2.925)
2019-08-11 00:48:08.490 [http-nio-8080-exec-1] INFO  o.a.c.core.ContainerBase.[Tomcat].[localhost].[/] - Initializing Spring DispatcherServlet 'dispatcherServlet'
2019-08-11 00:48:08.492 [http-nio-8080-exec-1] INFO  org.springframework.web.servlet.DispatcherServlet - Initializing Servlet 'dispatcherServlet'
2019-08-11 00:48:08.501 [http-nio-8080-exec-1] INFO  org.springframework.web.servlet.DispatcherServlet - Completed initialization in 8 ms
2019-08-11 00:48:08.553 [http-nio-8080-exec-1] INFO  com.xingze.demo.starter.controller.LogController - 访问了info方法
2019-08-11 00:48:35.492 [Thread-3] INFO  o.s.scheduling.concurrent.ThreadPoolTaskExecutor - Shutting down ExecutorService 'applicationTaskExecutor'
2019-08-11 00:48:55.651 [main] INFO  com.xingze.demo.starter.Application - Starting Application on jinyb.local with PID 3088 (/Users/jinyabo/code/maven/mvn2/multiproject/starter/target/starter-1.0-SNAPSHOT.jar started by jinyabo in /Users/jinyabo/code/maven/mvn2/multiproject)
2019-08-11 00:48:55.655 [main] INFO  com.xingze.demo.starter.Application - No active profile set, falling back to default profiles: default
2019-08-11 00:48:56.953 [main] INFO  o.s.boot.web.embedded.tomcat.TomcatWebServer - Tomcat initialized with port(s): 8080 (http)
2019-08-11 00:48:56.978 [main] INFO  org.apache.coyote.http11.Http11NioProtocol - Initializing ProtocolHandler ["http-nio-8080"]
2019-08-11 00:48:57.001 [main] INFO  org.apache.catalina.core.StandardService - Starting service [Tomcat]
2019-08-11 00:48:57.001 [main] INFO  org.apache.catalina.core.StandardEngine - Starting Servlet engine: [Apache Tomcat/9.0.21]
2019-08-11 00:48:57.227 [main] INFO  o.a.c.core.ContainerBase.[Tomcat].[localhost].[/] - Initializing Spring embedded WebApplicationContext
2019-08-11 00:48:57.228 [main] INFO  org.springframework.web.context.ContextLoader - Root WebApplicationContext: initialization completed in 1513 ms
2019-08-11 00:48:57.308 [main] INFO  com.xingze.demo.starter.config.config - TestConfiguration容器启动初始化。。。
2019-08-11 00:48:57.591 [main] INFO  o.s.scheduling.concurrent.ThreadPoolTaskExecutor - Initializing ExecutorService 'applicationTaskExecutor'
2019-08-11 00:48:57.773 [main] INFO  org.apache.coyote.http11.Http11NioProtocol - Starting ProtocolHandler ["http-nio-8080"]
2019-08-11 00:48:57.824 [main] INFO  o.s.boot.web.embedded.tomcat.TomcatWebServer - Tomcat started on port(s): 8080 (http) with context path ''
2019-08-11 00:48:57.828 [main] INFO  com.xingze.demo.starter.Application - Started Application in 2.769 seconds (JVM running for 3.193)
2019-08-11 00:48:58.893 [http-nio-8080-exec-1] INFO  o.a.c.core.ContainerBase.[Tomcat].[localhost].[/] - Initializing Spring DispatcherServlet 'dispatcherServlet'
2019-08-11 00:48:58.894 [http-nio-8080-exec-1] INFO  org.springframework.web.servlet.DispatcherServlet - Initializing Servlet 'dispatcherServlet'
2019-08-11 00:48:58.900 [http-nio-8080-exec-1] INFO  org.springframework.web.servlet.DispatcherServlet - Completed initialization in 6 ms
2019-08-11 00:48:58.944 [http-nio-8080-exec-1] INFO  com.xingze.demo.starter.controller.LogController - 访问了info方法
2019-08-11 00:49:22.553 [Thread-3] INFO  o.s.scheduling.concurrent.ThreadPoolTaskExecutor - Shutting down ExecutorService 'applicationTaskExecutor'
2019-08-11 00:49:32.600 [main] INFO  com.xingze.demo.starter.Application - Starting Application on jinyb.local with PID 3106 (/Users/jinyabo/code/maven/mvn2/multiproject/starter/target/starter-1.0-SNAPSHOT.jar started by jinyabo in /Users/jinyabo/code/maven/mvn2/multiproject)
2019-08-11 00:49:32.604 [main] INFO  com.xingze.demo.starter.Application - No active profile set, falling back to default profiles: default
2019-08-11 00:49:33.826 [main] INFO  o.s.boot.web.embedded.tomcat.TomcatWebServer - Tomcat initialized with port(s): 8080 (http)
2019-08-11 00:49:33.844 [main] INFO  org.apache.coyote.http11.Http11NioProtocol - Initializing ProtocolHandler ["http-nio-8080"]
2019-08-11 00:49:33.858 [main] INFO  org.apache.catalina.core.StandardService - Starting service [Tomcat]
2019-08-11 00:49:33.859 [main] INFO  org.apache.catalina.core.StandardEngine - Starting Servlet engine: [Apache Tomcat/9.0.21]
2019-08-11 00:49:33.966 [main] INFO  o.a.c.core.ContainerBase.[Tomcat].[localhost].[/] - Initializing Spring embedded WebApplicationContext
2019-08-11 00:49:33.967 [main] INFO  org.springframework.web.context.ContextLoader - Root WebApplicationContext: initialization completed in 1298 ms
2019-08-11 00:49:34.031 [main] INFO  com.xingze.demo.starter.config.config - TestConfiguration容器启动初始化。。。
2019-08-11 00:49:34.212 [main] INFO  o.s.scheduling.concurrent.ThreadPoolTaskExecutor - Initializing ExecutorService 'applicationTaskExecutor'
2019-08-11 00:49:34.395 [main] INFO  org.apache.coyote.http11.Http11NioProtocol - Starting ProtocolHandler ["http-nio-8080"]
2019-08-11 00:49:34.454 [main] INFO  o.s.boot.web.embedded.tomcat.TomcatWebServer - Tomcat started on port(s): 8080 (http) with context path ''
2019-08-11 00:49:34.458 [main] INFO  com.xingze.demo.starter.Application - Started Application in 2.412 seconds (JVM running for 2.833)
2019-08-11 00:49:37.318 [http-nio-8080-exec-1] INFO  o.a.c.core.ContainerBase.[Tomcat].[localhost].[/] - Initializing Spring DispatcherServlet 'dispatcherServlet'
2019-08-11 00:49:37.319 [http-nio-8080-exec-1] INFO  org.springframework.web.servlet.DispatcherServlet - Initializing Servlet 'dispatcherServlet'
2019-08-11 00:49:37.329 [http-nio-8080-exec-1] INFO  org.springframework.web.servlet.DispatcherServlet - Completed initialization in 10 ms
2019-08-11 00:49:37.377 [http-nio-8080-exec-1] INFO  com.xingze.demo.starter.controller.LogController - 访问了info方法
2019-08-11 00:49:41.824 [Thread-3] INFO  o.s.scheduling.concurrent.ThreadPoolTaskExecutor - Shutting down ExecutorService 'applicationTaskExecutor'
2019-08-11 00:49:57.366 [main] INFO  com.xingze.demo.starter.Application - Starting Application on jinyb.local with PID 3124 (/Users/jinyabo/code/maven/mvn2/multiproject/starter/target/starter-1.0-SNAPSHOT.jar started by jinyabo in /Users/jinyabo/code/maven/mvn2/multiproject)
2019-08-11 00:49:57.370 [main] INFO  com.xingze.demo.starter.Application - No active profile set, falling back to default profiles: default
2019-08-11 00:49:59.205 [main] INFO  o.s.boot.web.embedded.tomcat.TomcatWebServer - Tomcat initialized with port(s): 8080 (http)
2019-08-11 00:49:59.227 [main] INFO  org.apache.coyote.http11.Http11NioProtocol - Initializing ProtocolHandler ["http-nio-8080"]
2019-08-11 00:49:59.242 [main] INFO  org.apache.catalina.core.StandardService - Starting service [Tomcat]
2019-08-11 00:49:59.242 [main] INFO  org.apache.catalina.core.StandardEngine - Starting Servlet engine: [Apache Tomcat/9.0.21]
2019-08-11 00:49:59.347 [main] INFO  o.a.c.core.ContainerBase.[Tomcat].[localhost].[/] - Initializing Spring embedded WebApplicationContext
2019-08-11 00:49:59.347 [main] INFO  org.springframework.web.context.ContextLoader - Root WebApplicationContext: initialization completed in 1911 ms
2019-08-11 00:49:59.411 [main] INFO  com.xingze.demo.starter.config.config - TestConfiguration容器启动初始化。。。
2019-08-11 00:49:59.611 [main] INFO  o.s.scheduling.concurrent.ThreadPoolTaskExecutor - Initializing ExecutorService 'applicationTaskExecutor'
2019-08-11 00:49:59.813 [main] INFO  org.apache.coyote.http11.Http11NioProtocol - Starting ProtocolHandler ["http-nio-8080"]
2019-08-11 00:49:59.873 [main] INFO  o.s.boot.web.embedded.tomcat.TomcatWebServer - Tomcat started on port(s): 8080 (http) with context path ''
2019-08-11 00:49:59.877 [main] INFO  com.xingze.demo.starter.Application - Started Application in 3.158 seconds (JVM running for 3.57)
2019-08-11 00:50:03.653 [http-nio-8080-exec-1] INFO  o.a.c.core.ContainerBase.[Tomcat].[localhost].[/] - Initializing Spring DispatcherServlet 'dispatcherServlet'
2019-08-11 00:50:03.654 [http-nio-8080-exec-1] INFO  org.springframework.web.servlet.DispatcherServlet - Initializing Servlet 'dispatcherServlet'
2019-08-11 00:50:03.669 [http-nio-8080-exec-1] INFO  org.springframework.web.servlet.DispatcherServlet - Completed initialization in 15 ms
2019-08-11 00:50:03.758 [http-nio-8080-exec-1] INFO  com.xingze.demo.starter.controller.LogController - 访问了info方法
2019-08-11 00:50:22.131 [Thread-3] INFO  o.s.scheduling.concurrent.ThreadPoolTaskExecutor - Shutting down ExecutorService 'applicationTaskExecutor'
2019-08-11 00:50:33.413 [main] INFO  com.xingze.demo.starter.Application - Starting Application on jinyb.local with PID 3144 (/Users/jinyabo/code/maven/mvn2/multiproject/starter/target/starter-1.0-SNAPSHOT.jar started by jinyabo in /Users/jinyabo/code/maven/mvn2/multiproject)
2019-08-11 00:50:33.416 [main] INFO  com.xingze.demo.starter.Application - No active profile set, falling back to default profiles: default
2019-08-11 00:50:34.641 [main] INFO  o.s.boot.web.embedded.tomcat.TomcatWebServer - Tomcat initialized with port(s): 8080 (http)
2019-08-11 00:50:34.666 [main] INFO  org.apache.coyote.http11.Http11NioProtocol - Initializing ProtocolHandler ["http-nio-8080"]
2019-08-11 00:50:34.686 [main] INFO  org.apache.catalina.core.StandardService - Starting service [Tomcat]
2019-08-11 00:50:34.687 [main] INFO  org.apache.catalina.core.StandardEngine - Starting Servlet engine: [Apache Tomcat/9.0.21]
2019-08-11 00:50:34.796 [main] INFO  o.a.c.core.ContainerBase.[Tomcat].[localhost].[/] - Initializing Spring embedded WebApplicationContext
2019-08-11 00:50:34.798 [main] INFO  org.springframework.web.context.ContextLoader - Root WebApplicationContext: initialization completed in 1312 ms
2019-08-11 00:50:34.878 [main] INFO  com.xingze.demo.starter.config.config - TestConfiguration容器启动初始化。。。
2019-08-11 00:50:35.101 [main] INFO  o.s.scheduling.concurrent.ThreadPoolTaskExecutor - Initializing ExecutorService 'applicationTaskExecutor'
2019-08-11 00:50:35.470 [main] INFO  org.apache.coyote.http11.Http11NioProtocol - Starting ProtocolHandler ["http-nio-8080"]
2019-08-11 00:50:35.561 [main] INFO  o.s.boot.web.embedded.tomcat.TomcatWebServer - Tomcat started on port(s): 8080 (http) with context path ''
2019-08-11 00:50:35.579 [main] INFO  com.xingze.demo.starter.Application - Started Application in 2.743 seconds (JVM running for 3.164)
2019-08-11 00:50:38.324 [http-nio-8080-exec-1] INFO  o.a.c.core.ContainerBase.[Tomcat].[localhost].[/] - Initializing Spring DispatcherServlet 'dispatcherServlet'
2019-08-11 00:50:38.325 [http-nio-8080-exec-1] INFO  org.springframework.web.servlet.DispatcherServlet - Initializing Servlet 'dispatcherServlet'
2019-08-11 00:50:38.331 [http-nio-8080-exec-1] INFO  org.springframework.web.servlet.DispatcherServlet - Completed initialization in 6 ms
2019-08-11 00:50:38.367 [http-nio-8080-exec-1] INFO  com.xingze.demo.starter.controller.LogController - 访问了info方法
2019-08-11 00:52:50.595 [Thread-3] INFO  o.s.scheduling.concurrent.ThreadPoolTaskExecutor - Shutting down ExecutorService 'applicationTaskExecutor'
2019-08-11 00:53:02.334 [main] INFO  com.xingze.demo.starter.Application - Starting Application on jinyb.local with PID 3156 (/Users/jinyabo/code/maven/mvn2/multiproject/starter/target/classes started by jinyabo in /Users/jinyabo/code/maven/mvn2/multiproject)
2019-08-11 00:53:02.338 [main] INFO  com.xingze.demo.starter.Application - No active profile set, falling back to default profiles: default
2019-08-11 00:53:03.259 [main] INFO  o.s.boot.web.embedded.tomcat.TomcatWebServer - Tomcat initialized with port(s): 8080 (http)
2019-08-11 00:53:03.272 [main] INFO  org.apache.coyote.http11.Http11NioProtocol - Initializing ProtocolHandler ["http-nio-8080"]
2019-08-11 00:53:03.285 [main] INFO  org.apache.catalina.core.StandardService - Starting service [Tomcat]
2019-08-11 00:53:03.285 [main] INFO  org.apache.catalina.core.StandardEngine - Starting Servlet engine: [Apache Tomcat/9.0.21]
2019-08-11 00:53:03.380 [main] INFO  o.a.c.core.ContainerBase.[Tomcat].[localhost].[/] - Initializing Spring embedded WebApplicationContext
2019-08-11 00:53:03.381 [main] INFO  org.springframework.web.context.ContextLoader - Root WebApplicationContext: initialization completed in 996 ms
2019-08-11 00:53:03.451 [main] INFO  com.xingze.demo.starter.config.config - TestConfiguration容器启动初始化。。。
2019-08-11 00:53:03.648 [main] INFO  o.s.scheduling.concurrent.ThreadPoolTaskExecutor - Initializing ExecutorService 'applicationTaskExecutor'
2019-08-11 00:53:03.831 [main] INFO  org.apache.coyote.http11.Http11NioProtocol - Starting ProtocolHandler ["http-nio-8080"]
2019-08-11 00:53:03.864 [main] INFO  o.s.boot.web.embedded.tomcat.TomcatWebServer - Tomcat started on port(s): 8080 (http) with context path ''
2019-08-11 00:53:03.870 [main] INFO  com.xingze.demo.starter.Application - Started Application in 2.233 seconds (JVM running for 5.464)
2019-08-11 00:53:47.210 [Thread-3] INFO  o.s.scheduling.concurrent.ThreadPoolTaskExecutor - Shutting down ExecutorService 'applicationTaskExecutor'
2019-08-11 00:53:59.768 [main] INFO  com.xingze.demo.starter.Application - Starting Application on jinyb.local with PID 3172 (/Users/jinyabo/code/maven/mvn2/multiproject/starter/target/classes started by jinyabo in /Users/jinyabo/code/maven/mvn2/multiproject)
2019-08-11 00:53:59.772 [main] INFO  com.xingze.demo.starter.Application - No active profile set, falling back to default profiles: default
2019-08-11 00:54:01.092 [main] INFO  o.s.boot.web.embedded.tomcat.TomcatWebServer - Tomcat initialized with port(s): 8080 (http)
2019-08-11 00:54:01.126 [main] INFO  org.apache.coyote.http11.Http11NioProtocol - Initializing ProtocolHandler ["http-nio-8080"]
2019-08-11 00:54:01.143 [main] INFO  org.apache.catalina.core.StandardService - Starting service [Tomcat]
2019-08-11 00:54:01.144 [main] INFO  org.apache.catalina.core.StandardEngine - Starting Servlet engine: [Apache Tomcat/9.0.21]
2019-08-11 00:54:01.288 [main] INFO  o.a.c.core.ContainerBase.[Tomcat].[localhost].[/] - Initializing Spring embedded WebApplicationContext
2019-08-11 00:54:01.289 [main] INFO  org.springframework.web.context.ContextLoader - Root WebApplicationContext: initialization completed in 1467 ms
2019-08-11 00:54:01.383 [main] INFO  com.xingze.demo.starter.config.config - TestConfiguration容器启动初始化。。。
2019-08-11 00:54:01.592 [main] INFO  o.s.scheduling.concurrent.ThreadPoolTaskExecutor - Initializing ExecutorService 'applicationTaskExecutor'
2019-08-11 00:54:01.768 [main] INFO  org.apache.coyote.http11.Http11NioProtocol - Starting ProtocolHandler ["http-nio-8080"]
2019-08-11 00:54:01.806 [main] INFO  o.s.boot.web.embedded.tomcat.TomcatWebServer - Tomcat started on port(s): 8080 (http) with context path ''
2019-08-11 00:54:01.809 [main] INFO  com.xingze.demo.starter.Application - Started Application in 2.419 seconds (JVM running for 5.236)
2019-08-11 00:54:17.476 [http-nio-8080-exec-1] INFO  o.a.c.core.ContainerBase.[Tomcat].[localhost].[/] - Initializing Spring DispatcherServlet 'dispatcherServlet'
2019-08-11 00:54:17.476 [http-nio-8080-exec-1] INFO  org.springframework.web.servlet.DispatcherServlet - Initializing Servlet 'dispatcherServlet'
2019-08-11 00:54:17.489 [http-nio-8080-exec-1] INFO  org.springframework.web.servlet.DispatcherServlet - Completed initialization in 12 ms
2019-08-11 00:54:17.574 [http-nio-8080-exec-1] INFO  com.xingze.demo.starter.controller.LogController - 访问了info方法
2019-08-11 00:54:32.813 [Thread-3] INFO  o.s.scheduling.concurrent.ThreadPoolTaskExecutor - Shutting down ExecutorService 'applicationTaskExecutor'
2019-08-11 00:55:09.254 [main] INFO  com.xingze.demo.starter.Application - Starting Application on jinyb.local with PID 3205 (/Users/jinyabo/code/maven/mvn2/multiproject/starter/target/classes started by jinyabo in /Users/jinyabo/code/maven/mvn2/multiproject)
2019-08-11 00:55:09.256 [main] INFO  com.xingze.demo.starter.Application - No active profile set, falling back to default profiles: default
2019-08-11 00:55:10.178 [main] INFO  o.s.boot.web.embedded.tomcat.TomcatWebServer - Tomcat initialized with port(s): 8080 (http)
2019-08-11 00:55:10.199 [main] INFO  org.apache.coyote.http11.Http11NioProtocol - Initializing ProtocolHandler ["http-nio-8080"]
2019-08-11 00:55:10.220 [main] INFO  org.apache.catalina.core.StandardService - Starting service [Tomcat]
2019-08-11 00:55:10.220 [main] INFO  org.apache.catalina.core.StandardEngine - Starting Servlet engine: [Apache Tomcat/9.0.21]
2019-08-11 00:55:10.328 [main] INFO  o.a.c.core.ContainerBase.[Tomcat].[localhost].[/] - Initializing Spring embedded WebApplicationContext
2019-08-11 00:55:10.328 [main] INFO  org.springframework.web.context.ContextLoader - Root WebApplicationContext: initialization completed in 1026 ms
2019-08-11 00:55:10.391 [main] INFO  com.xingze.demo.starter.config.config - TestConfiguration容器启动初始化。。。
2019-08-11 00:55:10.577 [main] INFO  o.s.scheduling.concurrent.ThreadPoolTaskExecutor - Initializing ExecutorService 'applicationTaskExecutor'
2019-08-11 00:55:10.775 [main] INFO  org.apache.coyote.http11.Http11NioProtocol - Starting ProtocolHandler ["http-nio-8080"]
2019-08-11 00:55:10.811 [main] INFO  o.s.boot.web.embedded.tomcat.TomcatWebServer - Tomcat started on port(s): 8080 (http) with context path ''
2019-08-11 00:55:10.815 [main] INFO  com.xingze.demo.starter.Application - Started Application in 2.295 seconds (JVM running for 5.083)
2019-08-11 00:55:23.154 [http-nio-8080-exec-1] INFO  o.a.c.core.ContainerBase.[Tomcat].[localhost].[/] - Initializing Spring DispatcherServlet 'dispatcherServlet'
2019-08-11 00:55:23.154 [http-nio-8080-exec-1] INFO  org.springframework.web.servlet.DispatcherServlet - Initializing Servlet 'dispatcherServlet'
2019-08-11 00:55:23.163 [http-nio-8080-exec-1] INFO  org.springframework.web.servlet.DispatcherServlet - Completed initialization in 8 ms
2019-08-11 00:55:23.199 [http-nio-8080-exec-1] INFO  com.xingze.demo.starter.controller.LogController - 访问了info方法
2019-08-11 00:55:44.484 [Thread-3] INFO  o.s.scheduling.concurrent.ThreadPoolTaskExecutor - Shutting down ExecutorService 'applicationTaskExecutor'
2019-08-11 00:55:50.280 [main] INFO  com.xingze.demo.starter.Application - Starting Application on jinyb.local with PID 3222 (/Users/jinyabo/code/maven/mvn2/multiproject/starter/target/classes started by jinyabo in /Users/jinyabo/code/maven/mvn2/multiproject)
2019-08-11 00:55:50.283 [main] INFO  com.xingze.demo.starter.Application - No active profile set, falling back to default profiles: default
2019-08-11 00:55:51.206 [main] INFO  o.s.boot.web.embedded.tomcat.TomcatWebServer - Tomcat initialized with port(s): 8080 (http)
2019-08-11 00:55:51.223 [main] INFO  org.apache.coyote.http11.Http11NioProtocol - Initializing ProtocolHandler ["http-nio-8080"]
2019-08-11 00:55:51.242 [main] INFO  org.apache.catalina.core.StandardService - Starting service [Tomcat]
2019-08-11 00:55:51.243 [main] INFO  org.apache.catalina.core.StandardEngine - Starting Servlet engine: [Apache Tomcat/9.0.21]
2019-08-11 00:55:51.340 [main] INFO  o.a.c.core.ContainerBase.[Tomcat].[localhost].[/] - Initializing Spring embedded WebApplicationContext
2019-08-11 00:55:51.340 [main] INFO  org.springframework.web.context.ContextLoader - Root WebApplicationContext: initialization completed in 1010 ms
2019-08-11 00:55:51.400 [main] INFO  com.xingze.demo.starter.config.config - TestConfiguration容器启动初始化。。。
2019-08-11 00:55:51.598 [main] INFO  o.s.scheduling.concurrent.ThreadPoolTaskExecutor - Initializing ExecutorService 'applicationTaskExecutor'
2019-08-11 00:55:51.907 [main] INFO  org.apache.coyote.http11.Http11NioProtocol - Starting ProtocolHandler ["http-nio-8080"]
2019-08-11 00:55:51.955 [main] INFO  o.s.boot.web.embedded.tomcat.TomcatWebServer - Tomcat started on port(s): 8080 (http) with context path ''
2019-08-11 00:55:51.959 [main] INFO  com.xingze.demo.starter.Application - Started Application in 2.223 seconds (JVM running for 5.369)
2019-08-11 00:56:13.869 [http-nio-8080-exec-1] INFO  o.a.c.core.ContainerBase.[Tomcat].[localhost].[/] - Initializing Spring DispatcherServlet 'dispatcherServlet'
2019-08-11 00:56:13.870 [http-nio-8080-exec-1] INFO  org.springframework.web.servlet.DispatcherServlet - Initializing Servlet 'dispatcherServlet'
2019-08-11 00:56:13.876 [http-nio-8080-exec-1] INFO  org.springframework.web.servlet.DispatcherServlet - Completed initialization in 6 ms
2019-08-11 00:56:13.908 [http-nio-8080-exec-1] INFO  com.xingze.demo.starter.controller.LogController - 访问了info方法2
2019-08-11 01:04:37.036 [Thread-3] INFO  o.s.scheduling.concurrent.ThreadPoolTaskExecutor - Shutting down ExecutorService 'applicationTaskExecutor'
2019-08-11 01:06:41.103 [main] INFO  com.xingze.demo.starter.Application - Starting Application on jinyb.local with PID 3309 (/Users/jinyabo/code/maven/mvn2/multiproject/starter/target/classes started by jinyabo in /Users/jinyabo/code/maven/mvn2/multiproject)
2019-08-11 01:06:41.106 [main] INFO  com.xingze.demo.starter.Application - No active profile set, falling back to default profiles: default
2019-08-11 01:06:42.027 [main] INFO  o.s.boot.web.embedded.tomcat.TomcatWebServer - Tomcat initialized with port(s): 8080 (http)
2019-08-11 01:06:42.042 [main] INFO  org.apache.coyote.http11.Http11NioProtocol - Initializing ProtocolHandler ["http-nio-8080"]
2019-08-11 01:06:42.060 [main] INFO  org.apache.catalina.core.StandardService - Starting service [Tomcat]
2019-08-11 01:06:42.061 [main] INFO  org.apache.catalina.core.StandardEngine - Starting Servlet engine: [Apache Tomcat/9.0.21]
2019-08-11 01:06:42.164 [main] INFO  o.a.c.core.ContainerBase.[Tomcat].[localhost].[/] - Initializing Spring embedded WebApplicationContext
2019-08-11 01:06:42.164 [main] INFO  org.springframework.web.context.ContextLoader - Root WebApplicationContext: initialization completed in 931 ms
2019-08-11 01:06:42.235 [main] INFO  com.xingze.demo.starter.config.config - TestConfiguration容器启动初始化。。。
2019-08-11 01:06:42.424 [main] INFO  o.s.scheduling.concurrent.ThreadPoolTaskExecutor - Initializing ExecutorService 'applicationTaskExecutor'
2019-08-11 01:06:42.593 [main] INFO  org.apache.coyote.http11.Http11NioProtocol - Starting ProtocolHandler ["http-nio-8080"]
2019-08-11 01:06:42.634 [main] INFO  o.s.boot.web.embedded.tomcat.TomcatWebServer - Tomcat started on port(s): 8080 (http) with context path ''
2019-08-11 01:06:42.646 [main] INFO  com.xingze.demo.starter.Application - Started Application in 2.276 seconds (JVM running for 5.693)
2019-08-11 01:17:41.954 [Thread-3] INFO  o.s.scheduling.concurrent.ThreadPoolTaskExecutor - Shutting down ExecutorService 'applicationTaskExecutor'
2019-08-11 10:16:56.606 [main] INFO  com.xingze.demo.starter.Application - Starting Application on jinyb.local with PID 3612 (/Users/jinyabo/code/maven/mvn2/multiproject/starter/target/classes started by jinyabo in /Users/jinyabo/code/maven/mvn2/multiproject)
2019-08-11 10:16:56.611 [main] INFO  com.xingze.demo.starter.Application - No active profile set, falling back to default profiles: default
2019-08-11 10:16:58.016 [main] INFO  o.s.boot.web.embedded.tomcat.TomcatWebServer - Tomcat initialized with port(s): 8080 (http)
2019-08-11 10:16:58.031 [main] INFO  org.apache.coyote.http11.Http11NioProtocol - Initializing ProtocolHandler ["http-nio-8080"]
2019-08-11 10:16:58.041 [main] INFO  org.apache.catalina.core.StandardService - Starting service [Tomcat]
2019-08-11 10:16:58.041 [main] INFO  org.apache.catalina.core.StandardEngine - Starting Servlet engine: [Apache Tomcat/9.0.21]
2019-08-11 10:16:58.143 [main] INFO  o.a.c.core.ContainerBase.[Tomcat].[localhost].[/] - Initializing Spring embedded WebApplicationContext
2019-08-11 10:16:58.144 [main] INFO  org.springframework.web.context.ContextLoader - Root WebApplicationContext: initialization completed in 1334 ms
2019-08-11 10:16:58.206 [main] INFO  com.xingze.demo.starter.config.config - TestConfiguration容器启动初始化。。。
2019-08-11 10:16:58.376 [main] INFO  o.s.scheduling.concurrent.ThreadPoolTaskExecutor - Initializing ExecutorService 'applicationTaskExecutor'
2019-08-11 10:16:58.522 [main] INFO  o.s.scheduling.concurrent.ThreadPoolTaskExecutor - Shutting down ExecutorService 'applicationTaskExecutor'
2019-08-11 10:16:58.529 [main] INFO  org.apache.catalina.core.StandardService - Stopping service [Tomcat]
2019-08-11 10:16:58.544 [main] INFO  o.s.b.a.l.ConditionEvaluationReportLoggingListener - 

Error starting ApplicationContext. To display the conditions report re-run your application with 'debug' enabled.
2019-08-11 10:18:30.686 [main] INFO  com.xingze.demo.starter.Application - Starting Application on jinyb.local with PID 3616 (/Users/jinyabo/code/maven/mvn2/multiproject/starter/target/classes started by jinyabo in /Users/jinyabo/code/maven/mvn2/multiproject)
2019-08-11 10:18:30.708 [main] INFO  com.xingze.demo.starter.Application - No active profile set, falling back to default profiles: default
2019-08-11 10:18:31.948 [main] INFO  o.s.boot.web.embedded.tomcat.TomcatWebServer - Tomcat initialized with port(s): 8080 (http)
2019-08-11 10:18:31.968 [main] INFO  org.apache.coyote.http11.Http11NioProtocol - Initializing ProtocolHandler ["http-nio-8080"]
2019-08-11 10:18:31.977 [main] INFO  org.apache.catalina.core.StandardService - Starting service [Tomcat]
2019-08-11 10:18:31.978 [main] INFO  org.apache.catalina.core.StandardEngine - Starting Servlet engine: [Apache Tomcat/9.0.21]
2019-08-11 10:18:32.052 [main] INFO  o.a.c.core.ContainerBase.[Tomcat].[localhost].[/] - Initializing Spring embedded WebApplicationContext
2019-08-11 10:18:32.052 [main] INFO  org.springframework.web.context.ContextLoader - Root WebApplicationContext: initialization completed in 1223 ms
2019-08-11 10:18:32.101 [main] INFO  com.xingze.demo.starter.config.config - TestConfiguration容器启动初始化。。。
2019-08-11 10:18:32.289 [main] INFO  o.s.scheduling.concurrent.ThreadPoolTaskExecutor - Initializing ExecutorService 'applicationTaskExecutor'
2019-08-11 10:18:32.411 [main] INFO  o.s.scheduling.concurrent.ThreadPoolTaskExecutor - Shutting down ExecutorService 'applicationTaskExecutor'
2019-08-11 10:18:32.415 [main] INFO  org.apache.catalina.core.StandardService - Stopping service [Tomcat]
2019-08-11 10:18:32.442 [main] INFO  o.s.b.a.l.ConditionEvaluationReportLoggingListener - 

Error starting ApplicationContext. To display the conditions report re-run your application with 'debug' enabled.
2019-08-11 10:23:16.619 [main] INFO  com.xingze.demo.starter.Application - Starting Application on jinyb.local with PID 3625 (/Users/jinyabo/code/maven/mvn2/multiproject/starter/target/classes started by jinyabo in /Users/jinyabo/code/maven/mvn2/multiproject)
2019-08-11 10:23:16.643 [main] INFO  com.xingze.demo.starter.Application - No active profile set, falling back to default profiles: default
2019-08-11 10:23:17.609 [main] INFO  o.s.boot.web.embedded.tomcat.TomcatWebServer - Tomcat initialized with port(s): 8080 (http)
2019-08-11 10:23:17.622 [main] INFO  org.apache.coyote.http11.Http11NioProtocol - Initializing ProtocolHandler ["http-nio-8080"]
2019-08-11 10:23:17.634 [main] INFO  org.apache.catalina.core.StandardService - Starting service [Tomcat]
2019-08-11 10:23:17.634 [main] INFO  org.apache.catalina.core.StandardEngine - Starting Servlet engine: [Apache Tomcat/9.0.21]
2019-08-11 10:23:17.711 [main] INFO  o.a.c.core.ContainerBase.[Tomcat].[localhost].[/] - Initializing Spring embedded WebApplicationContext
2019-08-11 10:23:17.711 [main] INFO  org.springframework.web.context.ContextLoader - Root WebApplicationContext: initialization completed in 1019 ms
2019-08-11 10:23:17.753 [main] INFO  com.xingze.demo.starter.config.config - TestConfiguration容器启动初始化。。。
2019-08-11 10:23:17.897 [main] INFO  o.s.scheduling.concurrent.ThreadPoolTaskExecutor - Initializing ExecutorService 'applicationTaskExecutor'
2019-08-11 10:23:18.061 [main] INFO  org.apache.coyote.http11.Http11NioProtocol - Starting ProtocolHandler ["http-nio-8080"]
2019-08-11 10:23:18.088 [main] INFO  org.apache.coyote.http11.Http11NioProtocol - Pausing ProtocolHandler ["http-nio-8080"]
2019-08-11 10:23:18.089 [main] INFO  org.apache.catalina.core.StandardService - Stopping service [Tomcat]
2019-08-11 10:23:18.096 [main] INFO  org.apache.catalina.util.LifecycleBase - The stop() method was called on component [StandardServer[-1]] after stop() had already been called. The second call will be ignored.
2019-08-11 10:23:18.097 [main] INFO  org.apache.coyote.http11.Http11NioProtocol - Stopping ProtocolHandler ["http-nio-8080"]
2019-08-11 10:23:18.097 [main] INFO  org.apache.coyote.http11.Http11NioProtocol - Destroying ProtocolHandler ["http-nio-8080"]
2019-08-11 10:23:18.101 [main] INFO  o.s.b.a.l.ConditionEvaluationReportLoggingListener - 

Error starting ApplicationContext. To display the conditions report re-run your application with 'debug' enabled.
2019-08-11 10:23:18.110 [main] INFO  o.s.scheduling.concurrent.ThreadPoolTaskExecutor - Shutting down ExecutorService 'applicationTaskExecutor'
2019-08-11 10:24:09.789 [main] INFO  com.xingze.demo.starter.Application - Starting Application on jinyb.local with PID 3630 (/Users/jinyabo/code/maven/mvn2/multiproject/starter/target/classes started by jinyabo in /Users/jinyabo/code/maven/mvn2/multiproject)
2019-08-11 10:24:09.793 [main] INFO  com.xingze.demo.starter.Application - No active profile set, falling back to default profiles: default
2019-08-11 10:24:11.180 [main] INFO  o.s.boot.web.embedded.tomcat.TomcatWebServer - Tomcat initialized with port(s): 8080 (http)
2019-08-11 10:24:11.198 [main] INFO  org.apache.coyote.http11.Http11NioProtocol - Initializing ProtocolHandler ["http-nio-8080"]
2019-08-11 10:24:11.211 [main] INFO  org.apache.catalina.core.StandardService - Starting service [Tomcat]
2019-08-11 10:24:11.211 [main] INFO  org.apache.catalina.core.StandardEngine - Starting Servlet engine: [Apache Tomcat/9.0.21]
2019-08-11 10:24:11.327 [main] INFO  o.a.c.core.ContainerBase.[Tomcat].[localhost].[/] - Initializing Spring embedded WebApplicationContext
2019-08-11 10:24:11.328 [main] INFO  org.springframework.web.context.ContextLoader - Root WebApplicationContext: initialization completed in 1385 ms
2019-08-11 10:24:11.410 [main] INFO  com.xingze.demo.starter.config.config - TestConfiguration容器启动初始化。。。
2019-08-11 10:24:11.535 [main] INFO  o.s.scheduling.concurrent.ThreadPoolTaskExecutor - Initializing ExecutorService 'applicationTaskExecutor'
2019-08-11 10:24:11.674 [main] INFO  org.apache.coyote.http11.Http11NioProtocol - Starting ProtocolHandler ["http-nio-8080"]
2019-08-11 10:24:11.701 [main] INFO  org.apache.coyote.http11.Http11NioProtocol - Pausing ProtocolHandler ["http-nio-8080"]
2019-08-11 10:24:11.701 [main] INFO  org.apache.catalina.core.StandardService - Stopping service [Tomcat]
2019-08-11 10:24:11.707 [main] INFO  org.apache.catalina.util.LifecycleBase - The stop() method was called on component [StandardServer[-1]] after stop() had already been called. The second call will be ignored.
2019-08-11 10:24:11.708 [main] INFO  org.apache.coyote.http11.Http11NioProtocol - Stopping ProtocolHandler ["http-nio-8080"]
2019-08-11 10:24:11.708 [main] INFO  org.apache.coyote.http11.Http11NioProtocol - Destroying ProtocolHandler ["http-nio-8080"]
2019-08-11 10:24:11.710 [main] INFO  o.s.b.a.l.ConditionEvaluationReportLoggingListener - 

Error starting ApplicationContext. To display the conditions report re-run your application with 'debug' enabled.
2019-08-11 10:24:11.716 [main] INFO  o.s.scheduling.concurrent.ThreadPoolTaskExecutor - Shutting down ExecutorService 'applicationTaskExecutor'
2019-08-11 10:27:54.968 [main] INFO  com.xingze.demo.starter.Application - Starting Application on jinyb.local with PID 3669 (/Users/jinyabo/code/maven/mvn2/multiproject/starter/target/classes started by jinyabo in /Users/jinyabo/code/maven/mvn2/multiproject)
2019-08-11 10:27:54.982 [main] INFO  com.xingze.demo.starter.Application - No active profile set, falling back to default profiles: default
2019-08-11 10:27:56.111 [main] INFO  o.s.boot.web.embedded.tomcat.TomcatWebServer - Tomcat initialized with port(s): 8080 (http)
2019-08-11 10:27:56.123 [main] INFO  org.apache.coyote.http11.Http11NioProtocol - Initializing ProtocolHandler ["http-nio-8080"]
2019-08-11 10:27:56.131 [main] INFO  org.apache.catalina.core.StandardService - Starting service [Tomcat]
2019-08-11 10:27:56.131 [main] INFO  org.apache.catalina.core.StandardEngine - Starting Servlet engine: [Apache Tomcat/9.0.21]
2019-08-11 10:27:56.233 [main] INFO  o.a.c.core.ContainerBase.[Tomcat].[localhost].[/] - Initializing Spring embedded WebApplicationContext
2019-08-11 10:27:56.233 [main] INFO  org.springframework.web.context.ContextLoader - Root WebApplicationContext: initialization completed in 1118 ms
2019-08-11 10:27:56.270 [main] INFO  com.xingze.demo.starter.config.config - TestConfiguration容器启动初始化。。。
2019-08-11 10:27:56.439 [main] INFO  o.s.scheduling.concurrent.ThreadPoolTaskExecutor - Initializing ExecutorService 'applicationTaskExecutor'
2019-08-11 10:27:56.615 [main] INFO  org.apache.coyote.http11.Http11NioProtocol - Starting ProtocolHandler ["http-nio-8080"]
2019-08-11 10:27:56.645 [main] INFO  o.s.boot.web.embedded.tomcat.TomcatWebServer - Tomcat started on port(s): 8080 (http) with context path ''
2019-08-11 10:27:56.648 [main] INFO  com.xingze.demo.starter.Application - Started Application in 2.278 seconds (JVM running for 3.056)
2019-08-11 10:29:24.404 [http-nio-8080-exec-1] INFO  o.a.c.core.ContainerBase.[Tomcat].[localhost].[/] - Initializing Spring DispatcherServlet 'dispatcherServlet'
2019-08-11 10:29:24.407 [http-nio-8080-exec-1] INFO  org.springframework.web.servlet.DispatcherServlet - Initializing Servlet 'dispatcherServlet'
2019-08-11 10:29:24.417 [http-nio-8080-exec-1] INFO  org.springframework.web.servlet.DispatcherServlet - Completed initialization in 10 ms
2019-08-11 10:45:14.866 [Thread-7] INFO  o.s.scheduling.concurrent.ThreadPoolTaskExecutor - Shutting down ExecutorService 'applicationTaskExecutor'
2019-08-11 10:45:24.046 [main] INFO  com.xingze.demo.starter.Application - Starting Application on jinyb.local with PID 3877 (/Users/jinyabo/code/maven/mvn2/multiproject/starter/target/classes started by jinyabo in /Users/jinyabo/code/maven/mvn2/multiproject)
2019-08-11 10:45:24.049 [main] INFO  com.xingze.demo.starter.Application - No active profile set, falling back to default profiles: default
2019-08-11 10:45:25.246 [main] INFO  o.s.boot.web.embedded.tomcat.TomcatWebServer - Tomcat initialized with port(s): 8080 (http)
2019-08-11 10:45:25.264 [main] INFO  org.apache.coyote.http11.Http11NioProtocol - Initializing ProtocolHandler ["http-nio-8080"]
2019-08-11 10:45:25.274 [main] INFO  org.apache.catalina.core.StandardService - Starting service [Tomcat]
2019-08-11 10:45:25.274 [main] INFO  org.apache.catalina.core.StandardEngine - Starting Servlet engine: [Apache Tomcat/9.0.21]
2019-08-11 10:45:25.393 [main] INFO  o.a.c.core.ContainerBase.[Tomcat].[localhost].[/] - Initializing Spring embedded WebApplicationContext
2019-08-11 10:45:25.393 [main] INFO  org.springframework.web.context.ContextLoader - Root WebApplicationContext: initialization completed in 1262 ms
2019-08-11 10:45:25.484 [main] INFO  com.xingze.demo.starter.config.config - TestConfiguration容器启动初始化。。。
2019-08-11 10:45:25.692 [main] INFO  o.s.scheduling.concurrent.ThreadPoolTaskExecutor - Initializing ExecutorService 'applicationTaskExecutor'
2019-08-11 10:45:25.905 [main] INFO  org.apache.coyote.http11.Http11NioProtocol - Starting ProtocolHandler ["http-nio-8080"]
2019-08-11 10:45:25.970 [main] INFO  o.s.boot.web.embedded.tomcat.TomcatWebServer - Tomcat started on port(s): 8080 (http) with context path ''
2019-08-11 10:45:25.973 [main] INFO  com.xingze.demo.starter.Application - Started Application in 2.675 seconds (JVM running for 3.724)
2019-08-11 10:45:31.385 [http-nio-8080-exec-1] INFO  o.a.c.core.ContainerBase.[Tomcat].[localhost].[/] - Initializing Spring DispatcherServlet 'dispatcherServlet'
2019-08-11 10:45:31.388 [http-nio-8080-exec-1] INFO  org.springframework.web.servlet.DispatcherServlet - Initializing Servlet 'dispatcherServlet'
2019-08-11 10:45:31.397 [http-nio-8080-exec-1] INFO  org.springframework.web.servlet.DispatcherServlet - Completed initialization in 9 ms
2019-08-11 10:45:31.532 [http-nio-8080-exec-1] INFO  c.x.demo.starter.controller.UmbrellaController - RequestDimension(reportId=150792, limit=100, startTime=1565248434000, endTime=1565248834000, dimensions=[Dimension(name=appVersion), Dimension(name=errorCode)])
2019-08-11 10:52:13.653 [Thread-9] INFO  o.s.scheduling.concurrent.ThreadPoolTaskExecutor - Shutting down ExecutorService 'applicationTaskExecutor'
2019-08-11 10:52:18.941 [main] INFO  com.xingze.demo.starter.Application - Starting Application on jinyb.local with PID 3886 (/Users/jinyabo/code/maven/mvn2/multiproject/starter/target/classes started by jinyabo in /Users/jinyabo/code/maven/mvn2/multiproject)
2019-08-11 10:52:18.951 [main] INFO  com.xingze.demo.starter.Application - No active profile set, falling back to default profiles: default
2019-08-11 10:52:20.221 [main] INFO  o.s.boot.web.embedded.tomcat.TomcatWebServer - Tomcat initialized with port(s): 8080 (http)
2019-08-11 10:52:20.239 [main] INFO  org.apache.coyote.http11.Http11NioProtocol - Initializing ProtocolHandler ["http-nio-8080"]
2019-08-11 10:52:20.249 [main] INFO  org.apache.catalina.core.StandardService - Starting service [Tomcat]
2019-08-11 10:52:20.250 [main] INFO  org.apache.catalina.core.StandardEngine - Starting Servlet engine: [Apache Tomcat/9.0.21]
2019-08-11 10:52:20.333 [main] INFO  o.a.c.core.ContainerBase.[Tomcat].[localhost].[/] - Initializing Spring embedded WebApplicationContext
2019-08-11 10:52:20.334 [main] INFO  org.springframework.web.context.ContextLoader - Root WebApplicationContext: initialization completed in 1268 ms
2019-08-11 10:52:20.394 [main] INFO  com.xingze.demo.starter.config.config - TestConfiguration容器启动初始化。。。
2019-08-11 10:52:20.609 [main] INFO  o.s.scheduling.concurrent.ThreadPoolTaskExecutor - Initializing ExecutorService 'applicationTaskExecutor'
2019-08-11 10:52:20.778 [main] INFO  org.apache.coyote.http11.Http11NioProtocol - Starting ProtocolHandler ["http-nio-8080"]
2019-08-11 10:52:20.857 [main] INFO  o.s.boot.web.embedded.tomcat.TomcatWebServer - Tomcat started on port(s): 8080 (http) with context path ''
2019-08-11 10:52:20.862 [main] INFO  com.xingze.demo.starter.Application - Started Application in 2.608 seconds (JVM running for 3.389)
2019-08-11 10:53:22.924 [http-nio-8080-exec-1] INFO  o.a.c.core.ContainerBase.[Tomcat].[localhost].[/] - Initializing Spring DispatcherServlet 'dispatcherServlet'
2019-08-11 10:53:22.924 [http-nio-8080-exec-1] INFO  org.springframework.web.servlet.DispatcherServlet - Initializing Servlet 'dispatcherServlet'
2019-08-11 10:53:22.929 [http-nio-8080-exec-1] INFO  org.springframework.web.servlet.DispatcherServlet - Completed initialization in 5 ms
2019-08-11 10:54:28.636 [http-nio-8080-exec-3] INFO  c.x.demo.starter.controller.UmbrellaController - RequestReport(reportId=150792, startTime=1565107200000, endTime=1565193600000, metrics=[Metric(name=errorCount)], dimensions=[Dimension(name=appVersion, values=[8.9.0, 8.9.2], merge=false), Dimension(name=featureType, values=[Engine, DB], merge=false)], timeUnit=DAYS)
2019-08-11 10:55:11.622 [Thread-8] INFO  o.s.scheduling.concurrent.ThreadPoolTaskExecutor - Shutting down ExecutorService 'applicationTaskExecutor'
2019-08-11 10:55:15.570 [main] INFO  com.xingze.demo.starter.Application - Starting Application on jinyb.local with PID 3889 (/Users/jinyabo/code/maven/mvn2/multiproject/starter/target/classes started by jinyabo in /Users/jinyabo/code/maven/mvn2/multiproject)
2019-08-11 10:55:15.578 [main] INFO  com.xingze.demo.starter.Application - No active profile set, falling back to default profiles: default
2019-08-11 10:55:16.684 [main] INFO  o.s.boot.web.embedded.tomcat.TomcatWebServer - Tomcat initialized with port(s): 8080 (http)
2019-08-11 10:55:16.703 [main] INFO  org.apache.coyote.http11.Http11NioProtocol - Initializing ProtocolHandler ["http-nio-8080"]
2019-08-11 10:55:16.714 [main] INFO  org.apache.catalina.core.StandardService - Starting service [Tomcat]
2019-08-11 10:55:16.714 [main] INFO  org.apache.catalina.core.StandardEngine - Starting Servlet engine: [Apache Tomcat/9.0.21]
2019-08-11 10:55:16.784 [main] INFO  o.a.c.core.ContainerBase.[Tomcat].[localhost].[/] - Initializing Spring embedded WebApplicationContext
2019-08-11 10:55:16.784 [main] INFO  org.springframework.web.context.ContextLoader - Root WebApplicationContext: initialization completed in 1120 ms
2019-08-11 10:55:16.835 [main] INFO  com.xingze.demo.starter.config.config - TestConfiguration容器启动初始化。。。
2019-08-11 10:55:16.994 [main] INFO  o.s.scheduling.concurrent.ThreadPoolTaskExecutor - Initializing ExecutorService 'applicationTaskExecutor'
2019-08-11 10:55:17.178 [main] INFO  org.apache.coyote.http11.Http11NioProtocol - Starting ProtocolHandler ["http-nio-8080"]
2019-08-11 10:55:17.215 [main] INFO  o.s.boot.web.embedded.tomcat.TomcatWebServer - Tomcat started on port(s): 8080 (http) with context path ''
2019-08-11 10:55:17.218 [main] INFO  com.xingze.demo.starter.Application - Started Application in 2.338 seconds (JVM running for 3.388)
2019-08-11 10:55:34.841 [http-nio-8080-exec-1] INFO  o.a.c.core.ContainerBase.[Tomcat].[localhost].[/] - Initializing Spring DispatcherServlet 'dispatcherServlet'
2019-08-11 10:55:34.841 [http-nio-8080-exec-1] INFO  org.springframework.web.servlet.DispatcherServlet - Initializing Servlet 'dispatcherServlet'
2019-08-11 10:55:34.847 [http-nio-8080-exec-1] INFO  org.springframework.web.servlet.DispatcherServlet - Completed initialization in 5 ms
2019-08-11 10:55:48.943 [http-nio-8080-exec-2] INFO  c.x.demo.starter.controller.UmbrellaController - RequestDimension(reportId=150792, limit=100, startTime=1565248434000, endTime=1565248834000, dimensions=[Dimension(name=appVersion, values=null, merge=false), Dimension(name=errorCode, values=null, merge=false)])
2019-08-11 10:55:57.814 [http-nio-8080-exec-3] INFO  c.x.demo.starter.controller.UmbrellaController - RequestDimension(reportId=150792, limit=100, startTime=1565248434000, endTime=1565248834000, dimensions=[Dimension(name=appVersion, values=null, merge=false), Dimension(name=errorCode, values=null, merge=false)])
2019-08-11 10:56:00.570 [http-nio-8080-exec-4] INFO  c.x.demo.starter.controller.UmbrellaController - RequestReport(reportId=150792, startTime=1565107200000, endTime=1565193600000, metrics=[Metric(name=errorCount)], dimensions=[Dimension(name=appVersion, values=[8.9.0, 8.9.2], merge=false), Dimension(name=featureType, values=[Engine, DB], merge=false)], timeUnit=DAYS)
2019-08-11 10:56:08.293 [http-nio-8080-exec-5] INFO  c.x.demo.starter.controller.UmbrellaController - RequestReport(reportId=150792, startTime=1565107200000, endTime=1565193600000, metrics=[Metric(name=errorCount)], dimensions=[Dimension(name=appVersion, values=[8.9.0, 8.9.2], merge=false), Dimension(name=featureType, values=[Engine, DB], merge=false)], timeUnit=DAYS)
2019-08-11 11:11:05.839 [Thread-8] INFO  o.s.scheduling.concurrent.ThreadPoolTaskExecutor - Shutting down ExecutorService 'applicationTaskExecutor'
